<?xml version="1.0" encoding="UTF-8"?>
<coverage generated="1607603300835" clover="3.2.0">
  <project timestamp="1607603300835" name="All files">
    <metrics statements="38" coveredstatements="22" conditionals="16" coveredconditionals="3" methods="14" coveredmethods="5" elements="68" coveredelements="30" complexity="0" loc="38" ncloc="38" packages="1" files="4" classes="4"/>
    <file name="App.js" path="/home/matyd/js/react/currency-app/src/components/App.js">
      <metrics statements="2" coveredstatements="1" conditionals="0" coveredconditionals="0" methods="1" coveredmethods="0"/>
      <line num="7" count="1" type="stmt"/>
      <line num="8" count="0" type="stmt"/>
    </file>
    <file name="Exchange.js" path="/home/matyd/js/react/currency-app/src/components/Exchange.js">
      <metrics statements="23" coveredstatements="15" conditionals="4" coveredconditionals="2" methods="7" coveredmethods="3"/>
      <line num="7" count="2" type="stmt"/>
      <line num="8" count="2" type="stmt"/>
      <line num="9" count="1" type="stmt"/>
      <line num="10" count="1" type="stmt"/>
      <line num="11" count="1" type="stmt"/>
      <line num="12" count="1" type="stmt"/>
      <line num="13" count="1" type="stmt"/>
      <line num="16" count="1" type="stmt"/>
      <line num="17" count="1" type="stmt"/>
      <line num="18" count="1" type="stmt"/>
      <line num="19" count="0" type="stmt"/>
      <line num="20" count="0" type="stmt"/>
      <line num="21" count="0" type="stmt"/>
      <line num="24" count="1" type="stmt"/>
      <line num="25" count="1" type="cond" truecount="1" falsecount="1"/>
      <line num="26" count="0" type="stmt"/>
      <line num="27" count="0" type="stmt"/>
      <line num="28" count="1" type="cond" truecount="1" falsecount="1"/>
      <line num="29" count="0" type="stmt"/>
      <line num="30" count="0" type="stmt"/>
      <line num="34" count="1" type="stmt"/>
      <line num="35" count="0" type="stmt"/>
      <line num="38" count="1" type="stmt"/>
    </file>
    <file name="Input.js" path="/home/matyd/js/react/currency-app/src/components/Input.js">
      <metrics statements="7" coveredstatements="3" conditionals="12" coveredconditionals="1" methods="2" coveredmethods="1"/>
      <line num="3" count="3" type="stmt"/>
      <line num="6" count="3" type="stmt"/>
      <line num="8" count="0" type="cond" truecount="0" falsecount="2"/>
      <line num="13" count="0" type="stmt"/>
      <line num="14" count="0" type="cond" truecount="0" falsecount="4"/>
      <line num="15" count="0" type="stmt"/>
      <line num="19" count="3" type="stmt"/>
    </file>
    <file name="Select.js" path="/home/matyd/js/react/currency-app/src/components/Select.js">
      <metrics statements="6" coveredstatements="3" conditionals="0" coveredconditionals="0" methods="4" coveredmethods="1"/>
      <line num="3" count="3" type="stmt"/>
      <line num="6" count="3" type="stmt"/>
      <line num="7" count="0" type="stmt"/>
      <line num="10" count="3" type="stmt"/>
      <line num="11" count="0" type="stmt"/>
      <line num="14" count="0" type="stmt"/>
    </file>
  </project>
</coverage>
